In file included from [01m[K/opt/ros/foxy/include/rclcpp/client.hpp:40[m[K,
                 from [01m[K/opt/ros/foxy/include/rclcpp/callback_group.hpp:23[m[K,
                 from [01m[K/opt/ros/foxy/include/rclcpp/any_executable.hpp:20[m[K,
                 from [01m[K/opt/ros/foxy/include/rclcpp/memory_strategy.hpp:24[m[K,
                 from [01m[K/opt/ros/foxy/include/rclcpp/memory_strategies.hpp:18[m[K,
                 from [01m[K/opt/ros/foxy/include/rclcpp/executor_options.hpp:20[m[K,
                 from [01m[K/opt/ros/foxy/include/rclcpp/executor.hpp:33[m[K,
                 from [01m[K/opt/ros/foxy/include/rclcpp/executors/multi_threaded_executor.hpp:26[m[K,
                 from [01m[K/opt/ros/foxy/include/rclcpp/executors.hpp:21[m[K,
                 from [01m[K/opt/ros/foxy/include/rclcpp/rclcpp.hpp:146[m[K,
                 from [01m[K/home/jjaffe27/dev_f1tenth_ws/src/cpp_safety/src/aeb.cpp:1[m[K:
[01m[K/home/jjaffe27/dev_f1tenth_ws/src/cpp_safety/src/aeb.cpp:[m[K In member function â€˜[01m[Kvoid LaserScanAEB::scan_callback(sensor_msgs::msg::LaserScan_<std::allocator<void> >::ConstSharedPtr)[m[Kâ€™:
[01m[K/home/jjaffe27/dev_f1tenth_ws/src/cpp_safety/src/aeb.cpp:58:46:[m[K [01;31m[Kerror: [m[Kinvalid operands of types â€˜[01m[Kconst char [1][m[Kâ€™ and â€˜[01m[Kdouble[m[Kâ€™ to binary â€˜[01m[Koperator+[m[Kâ€™
   58 |    RCLCPP_INFO(this->get_logger(), [32m[K""[m[K [01;31m[K+[m[K [34m[KminTTC[m[K);
      |                                    [32m[K~~[m[K [01;31m[K^[m[K [34m[K~~~~~~[m[K
      |                                    [32m[K|[m[K    [34m[K|[m[K
      |                                    [32m[K|[m[K    [34m[Kdouble[m[K
      |                                    [32m[Kconst char [1][m[K

make[2]: *** [CMakeFiles/safety.dir/build.make:63: CMakeFiles/safety.dir/src/aeb.cpp.o] Error 1
make[1]: *** [CMakeFiles/Makefile2:78: CMakeFiles/safety.dir/all] Error 2
make: *** [Makefile:141: all] Error 2
