[0.037s] Invoking command in '/home/jjaffe27/dev_f1tenth_ws/src/cpp_safety/build/cpp_safety': CMAKE_PREFIX_PATH=${CMAKE_PREFIX_PATH}:/opt/ros/foxy /usr/bin/cmake --build /home/jjaffe27/dev_f1tenth_ws/src/cpp_safety/build/cpp_safety -- -j4 -l4
[0.173s] [35m[1mScanning dependencies of target safety[0m
[0.259s] [ 50%] [32mBuilding CXX object CMakeFiles/safety.dir/src/aeb.cpp.o[0m
[4.381s] In file included from [01m[K/opt/ros/foxy/include/rclcpp/client.hpp:40[m[K,
[4.382s]                  from [01m[K/opt/ros/foxy/include/rclcpp/callback_group.hpp:23[m[K,
[4.382s]                  from [01m[K/opt/ros/foxy/include/rclcpp/any_executable.hpp:20[m[K,
[4.382s]                  from [01m[K/opt/ros/foxy/include/rclcpp/memory_strategy.hpp:24[m[K,
[4.382s]                  from [01m[K/opt/ros/foxy/include/rclcpp/memory_strategies.hpp:18[m[K,
[4.382s]                  from [01m[K/opt/ros/foxy/include/rclcpp/executor_options.hpp:20[m[K,
[4.383s]                  from [01m[K/opt/ros/foxy/include/rclcpp/executor.hpp:33[m[K,
[4.383s]                  from [01m[K/opt/ros/foxy/include/rclcpp/executors/multi_threaded_executor.hpp:26[m[K,
[4.383s]                  from [01m[K/opt/ros/foxy/include/rclcpp/executors.hpp:21[m[K,
[4.383s]                  from [01m[K/opt/ros/foxy/include/rclcpp/rclcpp.hpp:146[m[K,
[4.384s]                  from [01m[K/home/jjaffe27/dev_f1tenth_ws/src/cpp_safety/src/aeb.cpp:1[m[K:
[4.384s] [01m[K/home/jjaffe27/dev_f1tenth_ws/src/cpp_safety/src/aeb.cpp:[m[K In member function â€˜[01m[Kvoid LaserScanAEB::scan_callback(sensor_msgs::msg::LaserScan_<std::allocator<void> >::ConstSharedPtr)[m[Kâ€™:
[4.384s] [01m[K/home/jjaffe27/dev_f1tenth_ws/src/cpp_safety/src/aeb.cpp:58:46:[m[K [01;31m[Kerror: [m[Kinvalid operands of types â€˜[01m[Kconst char [1][m[Kâ€™ and â€˜[01m[Kdouble[m[Kâ€™ to binary â€˜[01m[Koperator+[m[Kâ€™
[4.385s]    58 |    RCLCPP_INFO(this->get_logger(), [32m[K""[m[K [01;31m[K+[m[K [34m[KminTTC[m[K);
[4.385s]       |                                    [32m[K~~[m[K [01;31m[K^[m[K [34m[K~~~~~~[m[K
[4.386s]       |                                    [32m[K|[m[K    [34m[K|[m[K
[4.386s]       |                                    [32m[K|[m[K    [34m[Kdouble[m[K
[4.387s]       |                                    [32m[Kconst char [1][m[K
[4.388s] 
[13.732s] make[2]: *** [CMakeFiles/safety.dir/build.make:63: CMakeFiles/safety.dir/src/aeb.cpp.o] Error 1
[13.745s] make[1]: *** [CMakeFiles/Makefile2:78: CMakeFiles/safety.dir/all] Error 2
[13.752s] make: *** [Makefile:141: all] Error 2
[13.753s] Invoked command in '/home/jjaffe27/dev_f1tenth_ws/src/cpp_safety/build/cpp_safety' returned '2': CMAKE_PREFIX_PATH=${CMAKE_PREFIX_PATH}:/opt/ros/foxy /usr/bin/cmake --build /home/jjaffe27/dev_f1tenth_ws/src/cpp_safety/build/cpp_safety -- -j4 -l4
