[0.024s] Invoking command in '/home/jjaffe27/dev_f1tenth_ws/src/cpp_gap_follow/build/cpp_gap_follow': CMAKE_PREFIX_PATH=/opt/ros/foxy /usr/bin/cmake --build /home/jjaffe27/dev_f1tenth_ws/src/cpp_gap_follow/build/cpp_gap_follow -- -j4 -l4
[0.119s] [35m[1mScanning dependencies of target rgf[0m
[0.174s] [ 50%] [32mBuilding CXX object CMakeFiles/rgf.dir/src/reactive_gap_follow.cpp.o[0m
[2.440s] [01m[K/home/jjaffe27/dev_f1tenth_ws/src/cpp_gap_follow/src/reactive_gap_follow.cpp:[m[K In member function â€˜[01m[Kdouble* ReactiveGapFollow::preprocess_lidar(sensor_msgs::msg::LaserScan_<std::allocator<void> >::ConstSharedPtr, int)[m[Kâ€™:
[2.441s] [01m[K/home/jjaffe27/dev_f1tenth_ws/src/cpp_gap_follow/src/reactive_gap_follow.cpp:36:48:[m[K [01;31m[Kerror: [m[Kno matching function for call to â€˜[01m[Kmin(__gnu_cxx::__alloc_traits<std::allocator<float>, float>::value_type&, double)[m[Kâ€™
[2.441s]    36 |             proc_ranges[i] = min(ranges[i], 3.0[01;31m[K)[m[K;
[2.441s]       |                                                [01;31m[K^[m[K
[2.442s] In file included from [01m[K/usr/include/c++/9/memory:62[m[K,
[2.442s]                  from [01m[K/opt/ros/foxy/include/rclcpp/rclcpp.hpp:144[m[K,
[2.442s]                  from [01m[K/home/jjaffe27/dev_f1tenth_ws/src/cpp_gap_follow/src/reactive_gap_follow.cpp:1[m[K:
[2.442s] [01m[K/usr/include/c++/9/bits/stl_algobase.h:198:5:[m[K [01;36m[Knote: [m[Kcandidate: â€˜[01m[Ktemplate<class _Tp> constexpr const _Tp& std::min(const _Tp&, const _Tp&)[m[Kâ€™
[2.442s]   198 |     [01;36m[Kmin[m[K(const _Tp& __a, const _Tp& __b)
[2.443s]       |     [01;36m[K^~~[m[K
[2.443s] [01m[K/usr/include/c++/9/bits/stl_algobase.h:198:5:[m[K [01;36m[Knote: [m[K  template argument deduction/substitution failed:
[2.443s] [01m[K/home/jjaffe27/dev_f1tenth_ws/src/cpp_gap_follow/src/reactive_gap_follow.cpp:36:48:[m[K [01;36m[Knote: [m[K  deduced conflicting types for parameter â€˜[01m[Kconst _Tp[m[Kâ€™ (â€˜[01m[Kfloat[m[Kâ€™ and â€˜[01m[Kdouble[m[Kâ€™)
[2.443s]    36 |             proc_ranges[i] = min(ranges[i], 3.0[01;36m[K)[m[K;
[2.443s]       |                                                [01;36m[K^[m[K
[2.443s] In file included from [01m[K/usr/include/c++/9/memory:62[m[K,
[2.443s]                  from [01m[K/opt/ros/foxy/include/rclcpp/rclcpp.hpp:144[m[K,
[2.443s]                  from [01m[K/home/jjaffe27/dev_f1tenth_ws/src/cpp_gap_follow/src/reactive_gap_follow.cpp:1[m[K:
[2.443s] [01m[K/usr/include/c++/9/bits/stl_algobase.h:246:5:[m[K [01;36m[Knote: [m[Kcandidate: â€˜[01m[Ktemplate<class _Tp, class _Compare> constexpr const _Tp& std::min(const _Tp&, const _Tp&, _Compare)[m[Kâ€™
[2.443s]   246 |     [01;36m[Kmin[m[K(const _Tp& __a, const _Tp& __b, _Compare __comp)
[2.443s]       |     [01;36m[K^~~[m[K
[2.444s] [01m[K/usr/include/c++/9/bits/stl_algobase.h:246:5:[m[K [01;36m[Knote: [m[K  template argument deduction/substitution failed:
[2.444s] [01m[K/home/jjaffe27/dev_f1tenth_ws/src/cpp_gap_follow/src/reactive_gap_follow.cpp:36:48:[m[K [01;36m[Knote: [m[K  deduced conflicting types for parameter â€˜[01m[Kconst _Tp[m[Kâ€™ (â€˜[01m[Kfloat[m[Kâ€™ and â€˜[01m[Kdouble[m[Kâ€™)
[2.444s]    36 |             proc_ranges[i] = min(ranges[i], 3.0[01;36m[K)[m[K;
[2.444s]       |                                                [01;36m[K^[m[K
[2.444s] In file included from [01m[K/usr/include/c++/9/algorithm:62[m[K,
[2.444s]                  from [01m[K/opt/ros/foxy/include/rclcpp/executor.hpp:18[m[K,
[2.444s]                  from [01m[K/opt/ros/foxy/include/rclcpp/executors/multi_threaded_executor.hpp:26[m[K,
[2.444s]                  from [01m[K/opt/ros/foxy/include/rclcpp/executors.hpp:21[m[K,
[2.444s]                  from [01m[K/opt/ros/foxy/include/rclcpp/rclcpp.hpp:146[m[K,
[2.444s]                  from [01m[K/home/jjaffe27/dev_f1tenth_ws/src/cpp_gap_follow/src/reactive_gap_follow.cpp:1[m[K:
[2.444s] [01m[K/usr/include/c++/9/bits/stl_algo.h:3450:5:[m[K [01;36m[Knote: [m[Kcandidate: â€˜[01m[Ktemplate<class _Tp> constexpr _Tp std::min(std::initializer_list<_Tp>)[m[Kâ€™
[2.444s]  3450 |     [01;36m[Kmin[m[K(initializer_list<_Tp> __l)
[2.444s]       |     [01;36m[K^~~[m[K
[2.445s] [01m[K/usr/include/c++/9/bits/stl_algo.h:3450:5:[m[K [01;36m[Knote: [m[K  template argument deduction/substitution failed:
[2.445s] [01m[K/home/jjaffe27/dev_f1tenth_ws/src/cpp_gap_follow/src/reactive_gap_follow.cpp:36:48:[m[K [01;36m[Knote: [m[K  mismatched types â€˜[01m[Kstd::initializer_list<_Tp>[m[Kâ€™ and â€˜[01m[Kfloat[m[Kâ€™
[2.445s]    36 |             proc_ranges[i] = min(ranges[i], 3.0[01;36m[K)[m[K;
[2.445s]       |                                                [01;36m[K^[m[K
[2.445s] In file included from [01m[K/usr/include/c++/9/algorithm:62[m[K,
[2.445s]                  from [01m[K/opt/ros/foxy/include/rclcpp/executor.hpp:18[m[K,
[2.445s]                  from [01m[K/opt/ros/foxy/include/rclcpp/executors/multi_threaded_executor.hpp:26[m[K,
[2.445s]                  from [01m[K/opt/ros/foxy/include/rclcpp/executors.hpp:21[m[K,
[2.445s]                  from [01m[K/opt/ros/foxy/include/rclcpp/rclcpp.hpp:146[m[K,
[2.445s]                  from [01m[K/home/jjaffe27/dev_f1tenth_ws/src/cpp_gap_follow/src/reactive_gap_follow.cpp:1[m[K:
[2.445s] [01m[K/usr/include/c++/9/bits/stl_algo.h:3456:5:[m[K [01;36m[Knote: [m[Kcandidate: â€˜[01m[Ktemplate<class _Tp, class _Compare> constexpr _Tp std::min(std::initializer_list<_Tp>, _Compare)[m[Kâ€™
[2.445s]  3456 |     [01;36m[Kmin[m[K(initializer_list<_Tp> __l, _Compare __comp)
[2.445s]       |     [01;36m[K^~~[m[K
[2.446s] [01m[K/usr/include/c++/9/bits/stl_algo.h:3456:5:[m[K [01;36m[Knote: [m[K  template argument deduction/substitution failed:
[2.446s] [01m[K/home/jjaffe27/dev_f1tenth_ws/src/cpp_gap_follow/src/reactive_gap_follow.cpp:36:48:[m[K [01;36m[Knote: [m[K  mismatched types â€˜[01m[Kstd::initializer_list<_Tp>[m[Kâ€™ and â€˜[01m[Kfloat[m[Kâ€™
[2.446s]    36 |             proc_ranges[i] = min(ranges[i], 3.0[01;36m[K)[m[K;
[2.446s]       |                                                [01;36m[K^[m[K
[2.447s] [01m[K/home/jjaffe27/dev_f1tenth_ws/src/cpp_gap_follow/src/reactive_gap_follow.cpp:[m[K In member function â€˜[01m[Kstd::pair<int, int> ReactiveGapFollow::find_max_gap(double*, int)[m[Kâ€™:
[2.447s] [01m[K/home/jjaffe27/dev_f1tenth_ws/src/cpp_gap_follow/src/reactive_gap_follow.cpp:80:27:[m[K [01;35m[Kwarning: [m[Kcomparison of integer expressions of different signedness: â€˜[01m[Kint[m[Kâ€™ and â€˜[01m[Kstd::vector<int>::size_type[m[Kâ€™ {aka â€˜[01m[Klong unsigned int[m[Kâ€™} [[01;35m[K-Wsign-compare[m[K]
[2.447s]    80 |         for (int i = 0; [01;35m[Ki < start_gaps.size()[m[K; i++) {
[2.447s]       |                         [01;35m[K~~^~~~~~~~~~~~~~~~~~~[m[K
[2.449s] [01m[K/home/jjaffe27/dev_f1tenth_ws/src/cpp_gap_follow/src/reactive_gap_follow.cpp:[m[K In member function â€˜[01m[Kvoid ReactiveGapFollow::scan_callback(sensor_msgs::msg::LaserScan_<std::allocator<void> >::ConstSharedPtr)[m[Kâ€™:
[2.449s] [01m[K/home/jjaffe27/dev_f1tenth_ws/src/cpp_gap_follow/src/reactive_gap_follow.cpp:113:9:[m[K [01;31m[Kerror: [m[Kexpected â€˜[01m[K,[m[Kâ€™ or â€˜[01m[K;[m[Kâ€™ before â€˜[01m[Kint[m[Kâ€™
[2.449s]   113 |         [01;31m[Kint[m[K best_point = find_best_point(gap.first, gap.second, proc_ranges)
[2.449s]       |         [01;31m[K^~~[m[K
[2.451s] [01m[K/home/jjaffe27/dev_f1tenth_ws/src/cpp_gap_follow/src/reactive_gap_follow.cpp:116:9:[m[K [01;31m[Kerror: [m[Kâ€˜[01m[Kdrive[m[Kâ€™ was not declared in this scope
[2.451s]   116 |         [01;31m[Kdrive[m[K.drive.steering_angle = data.angle_min + data.angle_increment * best_point;
[2.451s]       |         [01;31m[K^~~~~[m[K
[2.453s] [01m[K/home/jjaffe27/dev_f1tenth_ws/src/cpp_gap_follow/src/reactive_gap_follow.cpp:116:38:[m[K [01;31m[Kerror: [m[Kâ€˜[01m[Kdata[m[Kâ€™ was not declared in this scope
[2.453s]   116 |         drive.drive.steering_angle = [01;31m[Kdata[m[K.angle_min + data.angle_increment * best_point;
[2.453s]       |                                      [01;31m[K^~~~[m[K
[2.456s] [01m[K/home/jjaffe27/dev_f1tenth_ws/src/cpp_gap_follow/src/reactive_gap_follow.cpp:116:78:[m[K [01;31m[Kerror: [m[Kâ€˜[01m[Kbest_point[m[Kâ€™ was not declared in this scope; did you mean â€˜[01m[Kfind_best_point[m[Kâ€™?
[2.457s]   116 |         drive.drive.steering_angle = data.angle_min + data.angle_increment * [01;31m[Kbest_point[m[K;
[2.457s]       |                                                                              [01;31m[K^~~~~~~~~~[m[K
[2.457s]       |                                                                              [32m[Kfind_best_point[m[K
[2.457s] [01m[K/home/jjaffe27/dev_f1tenth_ws/src/cpp_gap_follow/src/reactive_gap_follow.cpp:118:13:[m[K [01;31m[Kerror: [m[Kâ€˜[01m[Kconst ConstSharedPtr[m[Kâ€™ {aka â€˜[01m[Kconst class std::shared_ptr<const sensor_msgs::msg::LaserScan_<std::allocator<void> > >[m[Kâ€™} has no member named â€˜[01m[Kdrive[m[Kâ€™
[2.458s]   118 |         msg.[01;31m[Kdrive[m[K.speed = numbers::pi - abs(msg.drive.steering_angle);
[2.458s]       |             [01;31m[K^~~~~[m[K
[2.458s] [01m[K/home/jjaffe27/dev_f1tenth_ws/src/cpp_gap_follow/src/reactive_gap_follow.cpp:118:27:[m[K [01;31m[Kerror: [m[Kâ€˜[01m[Knumbers[m[Kâ€™ has not been declared
[2.458s]   118 |         msg.drive.speed = [01;31m[Knumbers[m[K::pi - abs(msg.drive.steering_angle);
[2.458s]       |                           [01;31m[K^~~~~~~[m[K
[2.458s] [01m[K/home/jjaffe27/dev_f1tenth_ws/src/cpp_gap_follow/src/reactive_gap_follow.cpp:118:49:[m[K [01;31m[Kerror: [m[Kâ€˜[01m[Kconst ConstSharedPtr[m[Kâ€™ {aka â€˜[01m[Kconst class std::shared_ptr<const sensor_msgs::msg::LaserScan_<std::allocator<void> > >[m[Kâ€™} has no member named â€˜[01m[Kdrive[m[Kâ€™
[2.459s]   118 |         msg.drive.speed = numbers::pi - abs(msg.[01;31m[Kdrive[m[K.steering_angle);
[2.459s]       |                                                 [01;31m[K^~~~~[m[K
[2.459s] [01m[K/home/jjaffe27/dev_f1tenth_ws/src/cpp_gap_follow/src/reactive_gap_follow.cpp:[m[K In member function â€˜[01m[Kint ReactiveGapFollow::find_best_point(double, double, double*)[m[Kâ€™:
[2.459s] [01m[K/home/jjaffe27/dev_f1tenth_ws/src/cpp_gap_follow/src/reactive_gap_follow.cpp:124:63:[m[K [01;35m[Kwarning: [m[Kunused parameter â€˜[01m[Kranges[m[Kâ€™ [[01;35m[K-Wunused-parameter[m[K]
[2.459s]   124 |     int find_best_point(double start_i, double end_i, [01;35m[Kdouble* ranges[m[K) {
[2.459s]       |                                                       [01;35m[K~~~~~~~~^~~~~~[m[K
[4.650s] make[2]: *** [CMakeFiles/rgf.dir/build.make:63: CMakeFiles/rgf.dir/src/reactive_gap_follow.cpp.o] Error 1
[4.650s] make[1]: *** [CMakeFiles/Makefile2:78: CMakeFiles/rgf.dir/all] Error 2
[4.650s] make: *** [Makefile:141: all] Error 2
[4.653s] Invoked command in '/home/jjaffe27/dev_f1tenth_ws/src/cpp_gap_follow/build/cpp_gap_follow' returned '2': CMAKE_PREFIX_PATH=/opt/ros/foxy /usr/bin/cmake --build /home/jjaffe27/dev_f1tenth_ws/src/cpp_gap_follow/build/cpp_gap_follow -- -j4 -l4
